Netgen 1.5.244 compiled on Sat Jun  3 09:36:35 AM CEST 2023
Warning: netgen command 'format' use fully-qualified name '::netgen::format'
Warning: netgen command 'global' use fully-qualified name '::netgen::global'
Reading netlist file opamp.ext.spc
Call to undefined subcircuit sky130_fd_pr__pfet_g5v0d10v5
Creating placeholder cell definition.
Call to undefined subcircuit sky130_fd_pr__nfet_g5v0d10v5
Creating placeholder cell definition.
Call to undefined subcircuit sky130_fd_pr__res_generic_nd__hv
Creating placeholder cell definition.
Reading netlist file opamp.sch.spc
Call to undefined subcircuit sky130_fd_pr__pfet_g5v0d10v5
Creating placeholder cell definition.
Call to undefined subcircuit sky130_fd_pr__nfet_g5v0d10v5
Creating placeholder cell definition.
Reading setup file /foss/pdks/sky130A/libs.tech/netgen/sky130A_setup.tcl
Model sky130_fd_pr__res_generic_nd__hv pin 1 == 2
No property value found for device sky130_fd_pr__res_generic_nd__hv
No property mult found for device sky130_fd_pr__res_generic_nd__hv
Model sky130_fd_pr__res_generic_po pin end_a == end_b
No property mult found for device sky130_fd_pr__res_generic_po
Model sky130_fd_pr__nfet_g5v0d10v5 pin 1 == 3
No property mult found for device sky130_fd_pr__nfet_g5v0d10v5
No property sa found for device sky130_fd_pr__nfet_g5v0d10v5
No property sb found for device sky130_fd_pr__nfet_g5v0d10v5
No property sd found for device sky130_fd_pr__nfet_g5v0d10v5
No property nf found for device sky130_fd_pr__nfet_g5v0d10v5
No property nrd found for device sky130_fd_pr__nfet_g5v0d10v5
No property nrs found for device sky130_fd_pr__nfet_g5v0d10v5
No property area found for device sky130_fd_pr__nfet_g5v0d10v5
No property perim found for device sky130_fd_pr__nfet_g5v0d10v5
No property topography found for device sky130_fd_pr__nfet_g5v0d10v5
Model sky130_fd_pr__nfet_g5v0d10v5 pin 1 == 3
No property area found for device sky130_fd_pr__nfet_g5v0d10v5
No property perim found for device sky130_fd_pr__nfet_g5v0d10v5
No property topography found for device sky130_fd_pr__nfet_g5v0d10v5
Model sky130_fd_pr__pfet_g5v0d10v5 pin 1 == 3
No property mult found for device sky130_fd_pr__pfet_g5v0d10v5
No property sa found for device sky130_fd_pr__pfet_g5v0d10v5
No property sb found for device sky130_fd_pr__pfet_g5v0d10v5
No property sd found for device sky130_fd_pr__pfet_g5v0d10v5
No property nf found for device sky130_fd_pr__pfet_g5v0d10v5
No property nrd found for device sky130_fd_pr__pfet_g5v0d10v5
No property nrs found for device sky130_fd_pr__pfet_g5v0d10v5
No property area found for device sky130_fd_pr__pfet_g5v0d10v5
No property perim found for device sky130_fd_pr__pfet_g5v0d10v5
No property topography found for device sky130_fd_pr__pfet_g5v0d10v5
Model sky130_fd_pr__pfet_g5v0d10v5 pin 1 == 3
No property area found for device sky130_fd_pr__pfet_g5v0d10v5
No property perim found for device sky130_fd_pr__pfet_g5v0d10v5
No property topography found for device sky130_fd_pr__pfet_g5v0d10v5
Comparison output logged to file opamp.lvs.out
Logging to file "opamp.lvs.out" enabled
Circuit sky130_fd_pr__pfet_g5v0d10v5 contains no devices.
Circuit sky130_fd_pr__nfet_g5v0d10v5 contains no devices.

Contents of circuit 1:  Circuit: 'opamp'
Circuit opamp contains 32 device instances.
  Class: sky130_fd_pr__res_generic_nd__hv instances:   3
  Class: sky130_fd_pr__nfet_g5v0d10v5 instances:  14
  Class: sky130_fd_pr__pfet_g5v0d10v5 instances:  15
Circuit contains 18 nets.
Contents of circuit 2:  Circuit: 'opamp'
Circuit opamp contains 26 device instances.
  Class: sky130_fd_pr__nfet_g5v0d10v5 instances:  11
  Class: sky130_fd_pr__res_generic_po instances:   3
  Class: sky130_fd_pr__pfet_g5v0d10v5 instances:  12
Circuit contains 17 nets.

Circuit was modified by parallel/series device merging.
New circuit summary:

Contents of circuit 1:  Circuit: 'opamp'
Circuit opamp contains 26 device instances.
  Class: sky130_fd_pr__res_generic_nd__hv instances:   3
  Class: sky130_fd_pr__nfet_g5v0d10v5 instances:  11
  Class: sky130_fd_pr__pfet_g5v0d10v5 instances:  12
Circuit contains 18 nets.
Contents of circuit 2:  Circuit: 'opamp'
Circuit opamp contains 26 device instances.
  Class: sky130_fd_pr__nfet_g5v0d10v5 instances:  11
  Class: sky130_fd_pr__res_generic_po instances:   3
  Class: sky130_fd_pr__pfet_g5v0d10v5 instances:  12
Circuit contains 17 nets.

Circuit 1 contains 26 devices, Circuit 2 contains 26 devices.
Circuit 1 contains 17 nets,    Circuit 2 contains 17 nets.


Final result: 
Top level cell failed pin matching.

Logging to file "opamp.lvs.out" disabled
LVS Done.
