
Circuit 1 cell sky130_fd_pr__pfet_g5v0d10v5 and Circuit 2 cell sky130_fd_pr__pfet_g5v0d10v5 are black boxes.
Warning: Equate pins:  cell sky130_fd_pr__pfet_g5v0d10v5 is a placeholder, treated as a black box.
Warning: Equate pins:  cell sky130_fd_pr__pfet_g5v0d10v5 is a placeholder, treated as a black box.

Subcircuit pins:
Circuit 1: sky130_fd_pr__pfet_g5v0d10v5    |Circuit 2: sky130_fd_pr__pfet_g5v0d10v5    
-------------------------------------------|-------------------------------------------
1                                          |1                                          
2                                          |2                                          
3                                          |3                                          
4                                          |4                                          
---------------------------------------------------------------------------------------
Cell pin lists are equivalent.
Device classes sky130_fd_pr__pfet_g5v0d10v5 and sky130_fd_pr__pfet_g5v0d10v5 are equivalent.

Circuit 1 cell sky130_fd_pr__nfet_g5v0d10v5 and Circuit 2 cell sky130_fd_pr__nfet_g5v0d10v5 are black boxes.
Warning: Equate pins:  cell sky130_fd_pr__nfet_g5v0d10v5 is a placeholder, treated as a black box.
Warning: Equate pins:  cell sky130_fd_pr__nfet_g5v0d10v5 is a placeholder, treated as a black box.

Subcircuit pins:
Circuit 1: sky130_fd_pr__nfet_g5v0d10v5    |Circuit 2: sky130_fd_pr__nfet_g5v0d10v5    
-------------------------------------------|-------------------------------------------
1                                          |1                                          
2                                          |2                                          
3                                          |3                                          
4                                          |4                                          
---------------------------------------------------------------------------------------
Cell pin lists are equivalent.
Device classes sky130_fd_pr__nfet_g5v0d10v5 and sky130_fd_pr__nfet_g5v0d10v5 are equivalent.

Class opamp (0):  Merged 6 parallel devices.
Subcircuit summary:
Circuit 1: opamp                           |Circuit 2: opamp                           
-------------------------------------------|-------------------------------------------
sky130_fd_pr__pfet_g5v0d10v5 (15->12)      |sky130_fd_pr__pfet_g5v0d10v5 (12)          
sky130_fd_pr__nfet_g5v0d10v5 (14->11)      |sky130_fd_pr__nfet_g5v0d10v5 (11)          
sky130_fd_pr__res_generic_nd__hv (3)       |(no matching element)                      
(no matching element)                      |sky130_fd_pr__res_generic_po (3)           
Number of devices: 26                      |Number of devices: 26                      
Number of nets: 17                         |Number of nets: 17                         
---------------------------------------------------------------------------------------
NET mismatches: Class fragments follow (with fanout counts):
Circuit 1: opamp                           |Circuit 2: opamp                           

---------------------------------------------------------------------------------------
Net: VDDA                                  |Net: net6                                  
  sky130_fd_pr__pfet_g5v0d10v5/(1|3) = 8   |  sky130_fd_pr__pfet_g5v0d10v5/(1|3) = 1   
  sky130_fd_pr__pfet_g5v0d10v5/4 = 12      |  sky130_fd_pr__nfet_g5v0d10v5/(1|3) = 2   
  sky130_fd_pr__res_generic_nd__hv/(1|2) = |  sky130_fd_pr__nfet_g5v0d10v5/4 = 1       
                                           |                                           
Net: VOUT                                  |Net: VOUT                                  
  sky130_fd_pr__pfet_g5v0d10v5/(1|3) = 1   |  sky130_fd_pr__pfet_g5v0d10v5/(1|3) = 1   
  sky130_fd_pr__nfet_g5v0d10v5/(1|3) = 1   |  sky130_fd_pr__nfet_g5v0d10v5/(1|3) = 1   
  sky130_fd_pr__nfet_g5v0d10v5/2 = 1       |  sky130_fd_pr__nfet_g5v0d10v5/2 = 1       
  sky130_fd_pr__pfet_g5v0d10v5/2 = 1       |  sky130_fd_pr__pfet_g5v0d10v5/2 = 1       
                                           |                                           
Net: a_1208_n387#                          |Net: net5                                  
  sky130_fd_pr__pfet_g5v0d10v5/(1|3) = 2   |  sky130_fd_pr__pfet_g5v0d10v5/(1|3) = 1   
  sky130_fd_pr__nfet_g5v0d10v5/(1|3) = 1   |  sky130_fd_pr__nfet_g5v0d10v5/(1|3) = 2   
                                           |  sky130_fd_pr__nfet_g5v0d10v5/4 = 1       
                                           |                                           
Net: a_888_n417#                           |Net: net7                                  
  sky130_fd_pr__nfet_g5v0d10v5/(1|3) = 2   |  sky130_fd_pr__pfet_g5v0d10v5/(1|3) = 2   
  sky130_fd_pr__pfet_g5v0d10v5/(1|3) = 1   |  sky130_fd_pr__pfet_g5v0d10v5/4 = 1       
                                           |  sky130_fd_pr__nfet_g5v0d10v5/(1|3) = 1   
                                           |                                           
Net: a_852_188#                            |Net: net8                                  
  sky130_fd_pr__pfet_g5v0d10v5/(1|3) = 3   |  sky130_fd_pr__pfet_g5v0d10v5/(1|3) = 2   
                                           |  sky130_fd_pr__pfet_g5v0d10v5/4 = 1       
                                           |  sky130_fd_pr__nfet_g5v0d10v5/(1|3) = 1   
                                           |                                           
Net: a_723_188#                            |Net: VCC                                   
  sky130_fd_pr__nfet_g5v0d10v5/(1|3) = 2   |  sky130_fd_pr__pfet_g5v0d10v5/(1|3) = 8   
  sky130_fd_pr__pfet_g5v0d10v5/(1|3) = 1   |  sky130_fd_pr__pfet_g5v0d10v5/4 = 8       
                                           |  sky130_fd_pr__res_generic_po/(end_a|end_ 
                                           |                                           
Net: a_1079_n387#                          |Net: VSS                                   
  sky130_fd_pr__nfet_g5v0d10v5/(1|3) = 3   |  sky130_fd_pr__nfet_g5v0d10v5/(1|3) = 7   
                                           |  sky130_fd_pr__nfet_g5v0d10v5/4 = 7       
                                           |  sky130_fd_pr__res_generic_po/(end_a|end_ 
                                           |                                           
Net: a_950_n387#                           |(no matching net)                          
  sky130_fd_pr__pfet_g5v0d10v5/(1|3) = 2   |                                           
  sky130_fd_pr__nfet_g5v0d10v5/(1|3) = 1   |                                           
                                           |                                           
Net: VSSA                                  |(no matching net)                          
  sky130_fd_pr__nfet_g5v0d10v5/(1|3) = 7   |                                           
  sky130_fd_pr__nfet_g5v0d10v5/4 = 11      |                                           
  sky130_fd_pr__res_generic_nd__hv/3 = 3   |                                           
  sky130_fd_pr__res_generic_nd__hv/(1|2) = |                                           
---------------------------------------------------------------------------------------

---------------------------------------------------------------------------------------
(no matching net)                          |Net: net10                                 
                                           |  sky130_fd_pr__nfet_g5v0d10v5/(1|3) = 3   
                                           |  sky130_fd_pr__nfet_g5v0d10v5/4 = 2       
                                           |                                           
(no matching net)                          |Net: net3                                  
                                           |  sky130_fd_pr__pfet_g5v0d10v5/(1|3) = 3   
                                           |  sky130_fd_pr__pfet_g5v0d10v5/4 = 2       
---------------------------------------------------------------------------------------

---------------------------------------------------------------------------------------
Net: VIN                                   |Net: PLUS                                  
  sky130_fd_pr__pfet_g5v0d10v5/2 = 1       |  sky130_fd_pr__pfet_g5v0d10v5/2 = 1       
  sky130_fd_pr__nfet_g5v0d10v5/2 = 1       |  sky130_fd_pr__nfet_g5v0d10v5/2 = 1       
---------------------------------------------------------------------------------------

---------------------------------------------------------------------------------------
Net: a_511_n457#                           |Net: Vb1                                   
  sky130_fd_pr__nfet_g5v0d10v5/2 = 4       |  sky130_fd_pr__nfet_g5v0d10v5/2 = 2       
  sky130_fd_pr__pfet_g5v0d10v5/(1|3) = 1   |  sky130_fd_pr__pfet_g5v0d10v5/2 = 2       
  sky130_fd_pr__nfet_g5v0d10v5/(1|3) = 1   |  sky130_fd_pr__res_generic_po/(end_a|end_ 
                                           |                                           
Net: a_204_276#                            |Net: net2                                  
  sky130_fd_pr__pfet_g5v0d10v5/2 = 2       |  sky130_fd_pr__pfet_g5v0d10v5/(1|3) = 1   
  sky130_fd_pr__nfet_g5v0d10v5/2 = 2       |  sky130_fd_pr__nfet_g5v0d10v5/(1|3) = 1   
  sky130_fd_pr__res_generic_nd__hv/(1|2) = |  sky130_fd_pr__nfet_g5v0d10v5/2 = 4       
---------------------------------------------------------------------------------------

---------------------------------------------------------------------------------------
Net: a_197_n460#                           |Net: net1                                  
  sky130_fd_pr__pfet_g5v0d10v5/2 = 5       |  sky130_fd_pr__pfet_g5v0d10v5/2 = 5       
  sky130_fd_pr__pfet_g5v0d10v5/(1|3) = 1   |  sky130_fd_pr__pfet_g5v0d10v5/(1|3) = 1   
  sky130_fd_pr__res_generic_nd__hv/(1|2) = |  sky130_fd_pr__res_generic_po/(end_a|end_ 
---------------------------------------------------------------------------------------
DEVICE mismatches: Class fragments follow (with node fanout counts):
Circuit 1: opamp                           |Circuit 2: opamp                           

---------------------------------------------------------------------------------------
Instance: sky130_fd_pr__res_generic_nd__hv |Instance: sky130_fd_pr__res_generic_po:1   
  (1,2) = (23,7)                           |  (end_a,end_b) = (16,7)                   
  3 = 23                                   |                                           
---------------------------------------------------------------------------------------

---------------------------------------------------------------------------------------
Instance: sky130_fd_pr__nfet_g5v0d10v5:24  |Instance: sky130_fd_pr__nfet_g5v0d10v5:M21 
  (1,3) = (3,3)                            |  (1,3) = (5,4)                            
  2 = 4                                    |  2 = 2                                    
  4 = 23                                   |  4 = 5                                    
                                           |                                           
Instance: sky130_fd_pr__nfet_g5v0d10v5:23  |Instance: sky130_fd_pr__nfet_g5v0d10v5:M20 
  (1,3) = (23,3)                           |  (1,3) = (5,4)                            
  2 = 6                                    |  2 = 4                                    
  4 = 23                                   |  4 = 5                                    
                                           |                                           
Instance: sky130_fd_pr__nfet_g5v0d10v5:22  |Instance: sky130_fd_pr__nfet_g5v0d10v5:M19 
  (1,3) = (23,3)                           |  (1,3) = (16,5)                           
  2 = 6                                    |  2 = 6                                    
  4 = 23                                   |  4 = 16                                   
                                           |                                           
Instance: sky130_fd_pr__nfet_g5v0d10v5:5   |Instance: sky130_fd_pr__nfet_g5v0d10v5:M12 
  (1,3) = (23,3)                           |  (1,3) = (16,4)                           
  2 = 6                                    |  2 = 6                                    
  4 = 23                                   |  4 = 16                                   
                                           |                                           
Instance: sky130_fd_pr__nfet_g5v0d10v5:16  |Instance: sky130_fd_pr__nfet_g5v0d10v5:M11 
  (1,3) = (3,3)                            |  (1,3) = (16,4)                           
  2 = 2                                    |  2 = 6                                    
  4 = 23                                   |  4 = 16                                   
---------------------------------------------------------------------------------------

---------------------------------------------------------------------------------------
Instance: sky130_fd_pr__pfet_g5v0d10v5:27  |Instance: sky130_fd_pr__pfet_g5v0d10v5:M14 
  (1,3) = (3,3)                            |  (1,3) = (17,4)                           
  2 = 4                                    |  2 = 7                                    
  4 = 21                                   |  4 = 17                                   
                                           |                                           
Instance: sky130_fd_pr__pfet_g5v0d10v5:25  |Instance: sky130_fd_pr__pfet_g5v0d10v5:M13 
  (1,3) = (21,3)                           |  (1,3) = (17,4)                           
  2 = 7                                    |  2 = 7                                    
  4 = 21                                   |  4 = 17                                   
                                           |                                           
Instance: sky130_fd_pr__pfet_g5v0d10v5:7   |Instance: sky130_fd_pr__pfet_g5v0d10v5:M6  
  (1,3) = (21,3)                           |  (1,3) = (5,4)                            
  2 = 7                                    |  2 = 2                                    
  4 = 21                                   |  4 = 5                                    
                                           |                                           
Instance: sky130_fd_pr__pfet_g5v0d10v5:0   |Instance: sky130_fd_pr__pfet_g5v0d10v5:M5  
  (1,3) = (21,3)                           |  (1,3) = (5,4)                            
  2 = 7                                    |  2 = 4                                    
  4 = 21                                   |  4 = 5                                    
                                           |                                           
Instance: sky130_fd_pr__pfet_g5v0d10v5:14  |Instance: sky130_fd_pr__pfet_g5v0d10v5:M4  
  (1,3) = (3,3)                            |  (1,3) = (17,5)                           
  2 = 2                                    |  2 = 7                                    
  4 = 21                                   |  4 = 17                                   
---------------------------------------------------------------------------------------
Netlists do not match.

Subcircuit pins:
Circuit 1: opamp                           |Circuit 2: opamp                           
-------------------------------------------|-------------------------------------------
(no matching pin)                          |VOUT                                       
(no matching pin)                          |PLUS                                       
(no matching pin)                          |VSS                                        
(no matching pin)                          |VCC                                        
proxyVCC                                   |(no matching pin)                          
---------------------------------------------------------------------------------------
Cell pin lists for opamp and opamp altered to match.
Device classes opamp and opamp are equivalent.

Final result: Top level cell failed pin matching.
