
Circuit 1 cell sky130_fd_pr__pfet_g5v0d10v5 and Circuit 2 cell sky130_fd_pr__pfet_g5v0d10v5 are black boxes.
Warning: Equate pins:  cell sky130_fd_pr__pfet_g5v0d10v5 is a placeholder, treated as a black box.
Warning: Equate pins:  cell sky130_fd_pr__pfet_g5v0d10v5 is a placeholder, treated as a black box.

Subcircuit pins:
Circuit 1: sky130_fd_pr__pfet_g5v0d10v5    |Circuit 2: sky130_fd_pr__pfet_g5v0d10v5    
-------------------------------------------|-------------------------------------------
1                                          |1                                          
2                                          |2                                          
3                                          |3                                          
4                                          |4                                          
---------------------------------------------------------------------------------------
Cell pin lists are equivalent.
Device classes sky130_fd_pr__pfet_g5v0d10v5 and sky130_fd_pr__pfet_g5v0d10v5 are equivalent.

Circuit 1 cell sky130_fd_pr__nfet_g5v0d10v5 and Circuit 2 cell sky130_fd_pr__nfet_g5v0d10v5 are black boxes.
Warning: Equate pins:  cell sky130_fd_pr__nfet_g5v0d10v5 is a placeholder, treated as a black box.
Warning: Equate pins:  cell sky130_fd_pr__nfet_g5v0d10v5 is a placeholder, treated as a black box.

Subcircuit pins:
Circuit 1: sky130_fd_pr__nfet_g5v0d10v5    |Circuit 2: sky130_fd_pr__nfet_g5v0d10v5    
-------------------------------------------|-------------------------------------------
1                                          |1                                          
2                                          |2                                          
3                                          |3                                          
4                                          |4                                          
---------------------------------------------------------------------------------------
Cell pin lists are equivalent.
Device classes sky130_fd_pr__nfet_g5v0d10v5 and sky130_fd_pr__nfet_g5v0d10v5 are equivalent.
Flattening unmatched subcell sky130_fd_pr__pfet_g5v0d10v5_AWMFT3 in circuit Mux (0)(3 instances)
Flattening unmatched subcell sky130_fd_pr__nfet_g5v0d10v5_NQZZCX in circuit Mux (0)(3 instances)

Subcircuit summary:
Circuit 1: Mux                             |Circuit 2: Mux                             
-------------------------------------------|-------------------------------------------
sky130_fd_pr__pfet_g5v0d10v5 (3)           |sky130_fd_pr__pfet_g5v0d10v5 (3)           
sky130_fd_pr__nfet_g5v0d10v5 (3)           |sky130_fd_pr__nfet_g5v0d10v5 (3)           
Number of devices: 6                       |Number of devices: 6                       
Number of nets: 7                          |Number of nets: 7                          
---------------------------------------------------------------------------------------
Netlists match uniquely with property errors.
sky130_fd_pr__nfet_g5v0d10v5_NQZZCX_2/sky130_fd_pr__nfet_g5v0d10v5:0 vs. sky130_fd_pr__nfet_g5v0d10v5:M1:
 w circuit1: 0.42   circuit2: 1   (delta=81.7%, cutoff=1%)
sky130_fd_pr__nfet_g5v0d10v5_NQZZCX_0/sky130_fd_pr__nfet_g5v0d10v5:0 vs. sky130_fd_pr__nfet_g5v0d10v5:M3:
 w circuit1: 0.42   circuit2: 1   (delta=81.7%, cutoff=1%)
sky130_fd_pr__nfet_g5v0d10v5_NQZZCX_1/sky130_fd_pr__nfet_g5v0d10v5:0 vs. sky130_fd_pr__nfet_g5v0d10v5:M6:
 w circuit1: 0.42   circuit2: 1   (delta=81.7%, cutoff=1%)
sky130_fd_pr__pfet_g5v0d10v5_AWMFT3_3/sky130_fd_pr__pfet_g5v0d10v5:0 vs. sky130_fd_pr__pfet_g5v0d10v5:M2:
 w circuit1: 0.84   circuit2: 1   (delta=17.4%, cutoff=1%)
sky130_fd_pr__pfet_g5v0d10v5_AWMFT3_2/sky130_fd_pr__pfet_g5v0d10v5:0 vs. sky130_fd_pr__pfet_g5v0d10v5:M4:
 w circuit1: 0.84   circuit2: 1   (delta=17.4%, cutoff=1%)
sky130_fd_pr__pfet_g5v0d10v5_AWMFT3_0/sky130_fd_pr__pfet_g5v0d10v5:0 vs. sky130_fd_pr__pfet_g5v0d10v5:M5:
 w circuit1: 0.84   circuit2: 1   (delta=17.4%, cutoff=1%)

Subcircuit pins:
Circuit 1: Mux                             |Circuit 2: Mux                             
-------------------------------------------|-------------------------------------------
A                                          |A                                          
B                                          |B                                          
OUT                                        |OUT                                        
SEL                                        |SEL                                        
VSS                                        |VSS                                        
VCC                                        |VCC                                        
---------------------------------------------------------------------------------------
Cell pin lists are equivalent.
Device classes Mux and Mux are equivalent.

Final result: Circuits match uniquely.
Property errors were found.

The following cells had property errors:
 Mux
