
Circuit 1 cell sky130_fd_pr__nfet_g5v0d10v5 and Circuit 2 cell sky130_fd_pr__nfet_g5v0d10v5 are black boxes.
Warning: Equate pins:  cell sky130_fd_pr__nfet_g5v0d10v5 is a placeholder, treated as a black box.
Warning: Equate pins:  cell sky130_fd_pr__nfet_g5v0d10v5 is a placeholder, treated as a black box.

Subcircuit pins:
Circuit 1: sky130_fd_pr__nfet_g5v0d10v5    |Circuit 2: sky130_fd_pr__nfet_g5v0d10v5    
-------------------------------------------|-------------------------------------------
1                                          |1                                          
2                                          |2                                          
3                                          |3                                          
4                                          |4                                          
---------------------------------------------------------------------------------------
Cell pin lists are equivalent.
Device classes sky130_fd_pr__nfet_g5v0d10v5 and sky130_fd_pr__nfet_g5v0d10v5 are equivalent.

Circuit 1 cell sky130_fd_pr__pfet_g5v0d10v5 and Circuit 2 cell sky130_fd_pr__pfet_g5v0d10v5 are black boxes.
Warning: Equate pins:  cell sky130_fd_pr__pfet_g5v0d10v5 is a placeholder, treated as a black box.
Warning: Equate pins:  cell sky130_fd_pr__pfet_g5v0d10v5 is a placeholder, treated as a black box.

Subcircuit pins:
Circuit 1: sky130_fd_pr__pfet_g5v0d10v5    |Circuit 2: sky130_fd_pr__pfet_g5v0d10v5    
-------------------------------------------|-------------------------------------------
1                                          |1                                          
2                                          |2                                          
3                                          |3                                          
4                                          |4                                          
---------------------------------------------------------------------------------------
Cell pin lists are equivalent.
Device classes sky130_fd_pr__pfet_g5v0d10v5 and sky130_fd_pr__pfet_g5v0d10v5 are equivalent.

Circuit 1 cell sky130_fd_pr__cap_mim_m3_1 and Circuit 2 cell sky130_fd_pr__cap_mim_m3_1 are black boxes.
Warning: Equate pins:  cell sky130_fd_pr__cap_mim_m3_1 is a placeholder, treated as a black box.
Warning: Equate pins:  cell sky130_fd_pr__cap_mim_m3_1 is a placeholder, treated as a black box.

Subcircuit pins:
Circuit 1: sky130_fd_pr__cap_mim_m3_1      |Circuit 2: sky130_fd_pr__cap_mim_m3_1      
-------------------------------------------|-------------------------------------------
1                                          |1                                          
2                                          |2                                          
---------------------------------------------------------------------------------------
Cell pin lists are equivalent.
Device classes sky130_fd_pr__cap_mim_m3_1 and sky130_fd_pr__cap_mim_m3_1 are equivalent.
Flattening unmatched subcell sky130_fd_pr__nfet_g5v0d10v5_SACDK5 in circuit sample_hold (0)(8 instances)
Flattening unmatched subcell sky130_fd_pr__pfet_g5v0d10v5_NQ4LZ7 in circuit sample_hold (0)(3 instances)
Flattening unmatched subcell sky130_fd_pr__nfet_g5v0d10v5_LWV9XU in circuit sample_hold (0)(1 instance)
Flattening unmatched subcell sky130_fd_pr__pfet_g5v0d10v5_TUZSY8 in circuit sample_hold (0)(1 instance)
Flattening unmatched subcell sky130_fd_pr__pfet_g5v0d10v5_YM4LZ5 in circuit sample_hold (0)(2 instances)
Flattening unmatched subcell sky130_fd_pr__cap_mim_m3_1_3DGTNZ in circuit sample_hold (0)(2 instances)

Class sample_hold (0):  Merged 4 parallel devices.
Subcircuit summary:
Circuit 1: sample_hold                     |Circuit 2: sample_hold                     
-------------------------------------------|-------------------------------------------
sky130_fd_pr__nfet_g5v0d10v5 (10->9)       |sky130_fd_pr__nfet_g5v0d10v5 (9)           
sky130_fd_pr__pfet_g5v0d10v5 (7->6)        |sky130_fd_pr__pfet_g5v0d10v5 (6)           
sky130_fd_pr__cap_mim_m3_1 (4->2)          |sky130_fd_pr__cap_mim_m3_1 (4->2)          
Number of devices: 17                      |Number of devices: 17                      
Number of nets: 12                         |Number of nets: 12                         
---------------------------------------------------------------------------------------
Netlists match uniquely with property errors.
sky130_fd_pr__pfet_g5v0d10v5_TUZSY8_0/sky130_fd_pr__pfet_g5v0d10v5:0 vs. sky130_fd_pr__pfet_g5v0d10v5:M7:
 w circuit1: 2   circuit2: 1   (delta=66.7%, cutoff=1%)
sky130_fd_pr__nfet_g5v0d10v5_LWV9XU_0/sky130_fd_pr__nfet_g5v0d10v5:0 vs. sky130_fd_pr__nfet_g5v0d10v5:M1:
 w circuit1: 2   circuit2: 1   (delta=66.7%, cutoff=1%)

Subcircuit pins:
Circuit 1: sample_hold                     |Circuit 2: sample_hold                     
-------------------------------------------|-------------------------------------------
VCC                                        |VCC                                        
VIN                                        |VIN                                        
VOUT                                       |VOUT                                       
VSS                                        |VSS                                        
CLK                                        |CLK                                        
---------------------------------------------------------------------------------------
Cell pin lists are equivalent.
Device classes sample_hold and sample_hold are equivalent.

Final result: Circuits match uniquely.
Property errors were found.

The following cells had property errors:
 sample_hold
