
Circuit 1 cell sky130_fd_pr__pfet_g5v0d10v5 and Circuit 2 cell sky130_fd_pr__pfet_g5v0d10v5 are black boxes.
Warning: Equate pins:  cell sky130_fd_pr__pfet_g5v0d10v5 is a placeholder, treated as a black box.
Warning: Equate pins:  cell sky130_fd_pr__pfet_g5v0d10v5 is a placeholder, treated as a black box.

Subcircuit pins:
Circuit 1: sky130_fd_pr__pfet_g5v0d10v5    |Circuit 2: sky130_fd_pr__pfet_g5v0d10v5    
-------------------------------------------|-------------------------------------------
1                                          |1                                          
2                                          |2                                          
3                                          |3                                          
4                                          |4                                          
---------------------------------------------------------------------------------------
Cell pin lists are equivalent.
Device classes sky130_fd_pr__pfet_g5v0d10v5 and sky130_fd_pr__pfet_g5v0d10v5 are equivalent.

Circuit 1 cell sky130_fd_pr__nfet_g5v0d10v5 and Circuit 2 cell sky130_fd_pr__nfet_g5v0d10v5 are black boxes.
Warning: Equate pins:  cell sky130_fd_pr__nfet_g5v0d10v5 is a placeholder, treated as a black box.
Warning: Equate pins:  cell sky130_fd_pr__nfet_g5v0d10v5 is a placeholder, treated as a black box.

Subcircuit pins:
Circuit 1: sky130_fd_pr__nfet_g5v0d10v5    |Circuit 2: sky130_fd_pr__nfet_g5v0d10v5    
-------------------------------------------|-------------------------------------------
1                                          |1                                          
2                                          |2                                          
3                                          |3                                          
4                                          |4                                          
---------------------------------------------------------------------------------------
Cell pin lists are equivalent.
Device classes sky130_fd_pr__nfet_g5v0d10v5 and sky130_fd_pr__nfet_g5v0d10v5 are equivalent.

Circuit 1 cell sky130_fd_pr__res_generic_nd__hv and Circuit 2 cell sky130_fd_pr__res_generic_nd__hv are black boxes.
Warning: Equate pins:  cell sky130_fd_pr__res_generic_nd__hv is a placeholder, treated as a black box.
Warning: Equate pins:  cell sky130_fd_pr__res_generic_nd__hv is a placeholder, treated as a black box.

Subcircuit pins:
Circuit 1: sky130_fd_pr__res_generic_nd__h |Circuit 2: sky130_fd_pr__res_generic_nd__h 
-------------------------------------------|-------------------------------------------
1                                          |1                                          
2                                          |2                                          
3                                          |3                                          
---------------------------------------------------------------------------------------
Cell pin lists are equivalent.
Device classes sky130_fd_pr__res_generic_nd__hv and sky130_fd_pr__res_generic_nd__hv are equivalent.

Subcircuit summary:
Circuit 1: switch2n_3v3                    |Circuit 2: switch2n_3v3                    
-------------------------------------------|-------------------------------------------
sky130_fd_pr__pfet_g5v0d10v5 (6)           |sky130_fd_pr__pfet_g5v0d10v5 (6)           
sky130_fd_pr__nfet_g5v0d10v5 (6)           |sky130_fd_pr__nfet_g5v0d10v5 (6)           
sky130_fd_pr__res_generic_nd__hv (4)       |sky130_fd_pr__res_generic_nd__hv (4)       
Number of devices: 16                      |Number of devices: 16                      
Number of nets: 12                         |Number of nets: 12                         
---------------------------------------------------------------------------------------
Netlists match uniquely with property errors.
sky130_fd_pr__res_generic_nd__hv:10 vs. sky130_fd_pr__res_generic_nd__hv:R2:
 l circuit1: 2.1   circuit2: 1   (delta=71%, cutoff=1%)
 w circuit1: 0.42   circuit2: 1   (delta=81.7%, cutoff=1%)
sky130_fd_pr__res_generic_nd__hv:2 vs. sky130_fd_pr__res_generic_nd__hv:R1:
 l circuit1: 2.1   circuit2: 1   (delta=71%, cutoff=1%)
 w circuit1: 0.42   circuit2: 1   (delta=81.7%, cutoff=1%)
sky130_fd_pr__res_generic_nd__hv:11 vs. sky130_fd_pr__res_generic_nd__hv:R3:
 l circuit1: 2.1   circuit2: 1   (delta=71%, cutoff=1%)
 w circuit1: 0.42   circuit2: 1   (delta=81.7%, cutoff=1%)
sky130_fd_pr__res_generic_nd__hv:5 vs. sky130_fd_pr__res_generic_nd__hv:R4:
 l circuit1: 2.1   circuit2: 1   (delta=71%, cutoff=1%)
 w circuit1: 0.42   circuit2: 1   (delta=81.7%, cutoff=1%)
sky130_fd_pr__nfet_g5v0d10v5:6 vs. sky130_fd_pr__nfet_g5v0d10v5:M1:
 w circuit1: 0.5   circuit2: 1   (delta=66.7%, cutoff=1%)
sky130_fd_pr__nfet_g5v0d10v5:3 vs. sky130_fd_pr__nfet_g5v0d10v5:M3:
 w circuit1: 0.5   circuit2: 1   (delta=66.7%, cutoff=1%)
sky130_fd_pr__nfet_g5v0d10v5:7 vs. sky130_fd_pr__nfet_g5v0d10v5:M5:
 w circuit1: 0.5   circuit2: 1   (delta=66.7%, cutoff=1%)
sky130_fd_pr__nfet_g5v0d10v5:8 vs. sky130_fd_pr__nfet_g5v0d10v5:M9:
 w circuit1: 0.5   circuit2: 1   (delta=66.7%, cutoff=1%)
sky130_fd_pr__nfet_g5v0d10v5:12 vs. sky130_fd_pr__nfet_g5v0d10v5:M8:
 w circuit1: 0.5   circuit2: 1   (delta=66.7%, cutoff=1%)
sky130_fd_pr__nfet_g5v0d10v5:1 vs. sky130_fd_pr__nfet_g5v0d10v5:M12:
 w circuit1: 0.5   circuit2: 1   (delta=66.7%, cutoff=1%)

Subcircuit pins:
Circuit 1: switch2n_3v3                    |Circuit 2: switch2n_3v3                    
-------------------------------------------|-------------------------------------------
DX                                         |DX                                         
VREFH                                      |VREFH                                      
VREFL                                      |VREFL                                      
VSS                                        |VSS                                        
DX_BUF                                     |DX_BUF                                     
VCC                                        |VCC                                        
VOUTL                                      |VOUTL                                      
VOUTH                                      |VOUTH                                      
---------------------------------------------------------------------------------------
Cell pin lists are equivalent.
Device classes switch2n_3v3 and switch2n_3v3 are equivalent.

Final result: Circuits match uniquely.
Property errors were found.

The following cells had property errors:
 switch2n_3v3
